\BOOKMARK [1][-]{section.1}{\376\377\000I\000n\000t\000r\000o\000d\000u\000c\000t\000i\000o\000n}{}% 1
\BOOKMARK [1][-]{section.2}{\376\377\000P\000r\000o\000p\000a\000g\000a\000t\000i\000o\000n\000\040\000o\000f\000\040\000l\000i\000g\000h\000t}{}% 2
\BOOKMARK [1][-]{section.3}{\376\377\000S\000c\000a\000l\000a\000r\000\040\000d\000i\000f\000f\000r\000a\000c\000t\000i\000o\000n\000\040\000t\000h\000e\000o\000r\000y}{}% 3
\BOOKMARK [2][-]{subsection.3.1}{\376\377\000F\000r\000o\000m\000\040\000a\000\040\000v\000e\000c\000t\000o\000r\000\040\000t\000o\000\040\000a\000\040\000s\000c\000a\000l\000a\000r\000\040\000t\000h\000e\000o\000r\000y}{section.3}% 4
\BOOKMARK [2][-]{subsection.3.2}{\376\377\000S\000o\000m\000e\000\040\000m\000a\000t\000h\000e\000m\000a\000t\000i\000c\000a\000l\000\040\000p\000r\000e\000l\000i\000m\000i\000n\000a\000r\000i\000e\000s}{section.3}% 5
\BOOKMARK [3][-]{subsubsection.3.2.1}{\376\377\000T\000h\000e\000\040\000H\000e\000l\000m\000h\000o\000l\000t\000z\000\040\000e\000q\000u\000a\000t\000i\000o\000n}{subsection.3.2}% 6
\BOOKMARK [3][-]{subsubsection.3.2.2}{\376\377\000G\000r\000e\000e\000n\000'\000s\000\040\000t\000h\000e\000o\000r\000e\000m}{subsection.3.2}% 7
\BOOKMARK [3][-]{subsubsection.3.2.3}{\376\377\000T\000h\000e\000\040\000i\000n\000t\000e\000g\000r\000a\000l\000\040\000t\000h\000e\000o\000r\000e\000m\000\040\000o\000f\000\040\000H\000e\000l\000m\000h\000o\000l\000t\000z\000\040\000a\000n\000d\000\040\000K\000i\000r\000c\000h\000h\000o\000f\000f}{subsection.3.2}% 8
\BOOKMARK [2][-]{subsection.3.3}{\376\377\000T\000h\000e\000\040\000d\000i\000f\000f\000r\000a\000c\000t\000i\000o\000n\000\040\000f\000o\000r\000m\000u\000l\000a\000\040\000b\000y\000\040\000a\000\040\000p\000l\000a\000n\000a\000r\000\040\000s\000c\000r\000e\000e\000n}{section.3}% 9
\BOOKMARK [3][-]{subsubsection.3.3.1}{\376\377\000A\000p\000p\000l\000i\000c\000a\000t\000i\000o\000n\000\040\000o\000f\000\040\000t\000h\000e\000\040\000i\000n\000t\000e\000g\000r\000a\000l\000\040\000t\000h\000e\000o\000r\000e\000m}{subsection.3.3}% 10
\BOOKMARK [3][-]{subsubsection.3.3.2}{\376\377\000T\000h\000e\000\040\000K\000i\000r\000c\000h\000h\000o\000f\000f\000\040\000b\000o\000u\000n\000d\000a\000r\000y\000\040\000c\000o\000n\000d\000i\000t\000i\000o\000n\000s}{subsection.3.3}% 11
\BOOKMARK [3][-]{subsubsection.3.3.3}{\376\377\000T\000h\000e\000\040\000F\000r\000e\000s\000n\000e\000l\000-\000K\000i\000r\000c\000h\000h\000o\000f\000f\000\040\000d\000i\000f\000f\000r\000a\000c\000t\000i\000o\000n\000\040\000f\000o\000r\000m\000u\000l\000a}{subsection.3.3}% 12
\BOOKMARK [2][-]{subsection.3.4}{\376\377\000G\000e\000n\000e\000r\000a\000l\000\040\000d\000i\000f\000f\000r\000a\000c\000t\000i\000o\000n\000\040\000f\000o\000r\000m\000u\000l\000a}{section.3}% 13
\BOOKMARK [2][-]{subsection.3.5}{\376\377\000P\000o\000i\000n\000t\000\040\000s\000p\000r\000e\000a\000d\000\040\000f\000u\000n\000c\000t\000i\000o\000n\000\040\000\050\000P\000S\000F\000\051\000\040\000o\000f\000\040\000o\000p\000t\000i\000c\000a\000l\000\040\000s\000y\000s\000t\000e\000m\000s}{section.3}% 14
\BOOKMARK [3][-]{subsubsection.3.5.1}{\376\377\000A\000\040\000t\000h\000i\000n\000\040\000l\000e\000n\000s\000\040\000a\000s\000\040\000a\000\040\000p\000h\000a\000s\000e\000\040\000t\000r\000a\000n\000s\000f\000o\000r\000m\000a\000t\000i\000o\000n}{subsection.3.5}% 15
\BOOKMARK [3][-]{subsubsection.3.5.2}{\376\377\000T\000h\000e\000\040\000t\000h\000i\000c\000k\000n\000e\000s\000s\000\040\000f\000u\000n\000c\000t\000i\000o\000n}{subsection.3.5}% 16
\BOOKMARK [3][-]{subsubsection.3.5.3}{\376\377\000T\000h\000e\000\040\000p\000h\000a\000s\000e\000\040\000t\000r\000a\000n\000s\000f\000o\000r\000m\000a\000t\000i\000o\000n\000\040\000b\000y\000\040\000l\000e\000n\000s\000e\000s}{subsection.3.5}% 17
\BOOKMARK [3][-]{subsubsection.3.5.4}{\376\377\000F\000o\000u\000r\000i\000e\000r\000\040\000t\000r\000a\000n\000s\000f\000o\000r\000m\000i\000n\000g\000\040\000p\000r\000o\000p\000e\000r\000t\000y\000\040\000o\000f\000\040\000l\000e\000n\000s\000e\000s}{subsection.3.5}% 18
\BOOKMARK [3][-]{subsubsection.3.5.5}{\376\377\000T\000h\000e\000\040\000i\000m\000p\000u\000l\000s\000e\000\040\000r\000e\000s\000p\000o\000n\000s\000e\000\040\000o\000f\000\040\000a\000\040\000p\000o\000s\000i\000t\000i\000v\000e\000\040\000l\000e\000n\000s}{subsection.3.5}% 19
\BOOKMARK [3][-]{subsubsection.3.5.6}{\376\377\000T\000h\000e\000\040\000r\000e\000l\000a\000t\000i\000o\000n\000\040\000b\000e\000t\000w\000e\000e\000n\000\040\000t\000h\000e\000\040\000o\000b\000j\000e\000c\000t\000\040\000a\000n\000d\000\040\000i\000m\000a\000g\000e}{subsection.3.5}% 20
